<?xml version="1.0" encoding="UTF-8"?>
<testng-results ignored="0" total="1" passed="1" failed="0" skipped="0">
  <reporter-output>
  </reporter-output>
  <suite started-at="2026-03-17T12:04:02 IST" name="Default suite" finished-at="2026-03-17T12:04:34 IST" duration-ms="32181">
    <groups>
      <group name="cucumber">
        <method signature="AbstractTestNGCucumberTests.runScenario(io.cucumber.testng.PickleWrapper,io.cucumber.testng.FeatureWrapper)[pri:0, instance:com.scripted.runners.WebRunner@63475ace]" name="runScenario" class="io.cucumber.testng.AbstractTestNGCucumberTests"/>
      </group> <!-- cucumber -->
    </groups>
    <test started-at="2026-03-17T12:04:02 IST" name="Default test" finished-at="2026-03-17T12:04:34 IST" duration-ms="32181">
      <class name="com.scripted.runners.WebRunner">
        <test-method is-config="true" signature="setUpClass(org.testng.ITestContext)[pri:0, instance:com.scripted.runners.WebRunner@63475ace]" started-at="2026-03-17T12:04:02 IST" name="setUpClass" finished-at="2026-03-17T12:04:03 IST" duration-ms="726" status="PASS">
          <params>
            <param index="0">
              <value>
                <![CDATA[org.testng.TestRunner@740b6628]]>
              </value>
            </param>
          </params>
          <reporter-output>
          </reporter-output>
        </test-method> <!-- setUpClass -->
        <test-method signature="runScenario(io.cucumber.testng.PickleWrapper,io.cucumber.testng.FeatureWrapper)[pri:0, instance:com.scripted.runners.WebRunner@63475ace]" started-at="2026-03-17T12:04:03 IST" name="runScenario" description="Runs Cucumber Scenarios" data-provider="scenarios" finished-at="2026-03-17T12:04:34 IST" duration-ms="31377" status="PASS">
          <params>
            <param index="0">
              <value>
                <![CDATA["Title of your scenario"]]>
              </value>
            </param>
            <param index="1">
              <value>
                <![CDATA["Title of your feature"]]>
              </value>
            </param>
          </params>
          <reporter-output>
          </reporter-output>
        </test-method> <!-- runScenario -->
        <test-method is-config="true" signature="tearDownClass()[pri:0, instance:com.scripted.runners.WebRunner@63475ace]" started-at="2026-03-17T12:04:34 IST" name="tearDownClass" finished-at="2026-03-17T12:04:34 IST" duration-ms="39" status="PASS">
          <reporter-output>
          </reporter-output>
        </test-method> <!-- tearDownClass -->
      </class> <!-- com.scripted.runners.WebRunner -->
    </test> <!-- Default test -->
  </suite> <!-- Default suite -->
</testng-results>
